{
  error: Error: lol
      at Object.<anonymous> (D:\Projekty\APIs\slad-fotografii\index.js:6:7)
      at Module._compile (internal/modules/cjs/loader.js:1156:30)
      at Object.Module._extensions..js (internal/modules/cjs/loader.js:1176:10)
      at Module.load (internal/modules/cjs/loader.js:1000:32)
      at Function.Module._load (internal/modules/cjs/loader.js:899:14)
      at Function.executeUserEntryPoint [as runMain] (internal/modules/run_main.js:74:12)
      at internal/main/run_main_module.js:18:47,
  level: 'error',
  message: 'uncaughtException: lol\n' +
    'Error: lol\n' +
    '    at Object.<anonymous> (D:\\Projekty\\APIs\\slad-fotografii\\index.js:6:7)\n' +
    '    at Module._compile (internal/modules/cjs/loader.js:1156:30)\n' +
    '    at Object.Module._extensions..js (internal/modules/cjs/loader.js:1176:10)\n' +
    '    at Module.load (internal/modules/cjs/loader.js:1000:32)\n' +
    '    at Function.Module._load (internal/modules/cjs/loader.js:899:14)\n' +
    '    at Function.executeUserEntryPoint [as runMain] (internal/modules/run_main.js:74:12)\n' +
    '    at internal/main/run_main_module.js:18:47',
  stack: 'Error: lol\n' +
    '    at Object.<anonymous> (D:\\Projekty\\APIs\\slad-fotografii\\index.js:6:7)\n' +
    '    at Module._compile (internal/modules/cjs/loader.js:1156:30)\n' +
    '    at Object.Module._extensions..js (internal/modules/cjs/loader.js:1176:10)\n' +
    '    at Module.load (internal/modules/cjs/loader.js:1000:32)\n' +
    '    at Function.Module._load (internal/modules/cjs/loader.js:899:14)\n' +
    '    at Function.executeUserEntryPoint [as runMain] (internal/modules/run_main.js:74:12)\n' +
    '    at internal/main/run_main_module.js:18:47',
  exception: true,
  date: 'Fri Jun 26 2020 22:32:07 GMT+0200 (GMT+02:00)',
  process: {
    pid: 11436,
    uid: null,
    gid: null,
    cwd: 'D:\\Projekty\\APIs\\slad-fotografii',
    execPath: 'C:\\Program Files\\nodejs\\node.exe',
    version: 'v12.16.2',
    argv: [
      'C:\\Program Files\\nodejs\\node.exe',
      'D:\\Projekty\\APIs\\slad-fotografii\\index.js'
    ],
    memoryUsage: {
      rss: 33325056,
      heapTotal: 16232448,
      heapUsed: 8122128,
      external: 1307531
    }
  },
  os: { loadavg: [ 0, 0, 0 ], uptime: 555968 },
  trace: [
    {
      column: 7,
      file: 'D:\\Projekty\\APIs\\slad-fotografii\\index.js',
      function: null,
      line: 6,
      method: null,
      native: false
    },
    {
      column: 30,
      file: 'internal/modules/cjs/loader.js',
      function: 'Module._compile',
      line: 1156,
      method: '_compile',
      native: false
    },
    {
      column: 10,
      file: 'internal/modules/cjs/loader.js',
      function: 'Module._extensions..js',
      line: 1176,
      method: '.js',
      native: false
    },
    {
      column: 32,
      file: 'internal/modules/cjs/loader.js',
      function: 'Module.load',
      line: 1000,
      method: 'load',
      native: false
    },
    {
      column: 14,
      file: 'internal/modules/cjs/loader.js',
      function: 'Module._load',
      line: 899,
      method: '_load',
      native: false
    },
    {
      column: 12,
      file: 'internal/modules/run_main.js',
      function: 'Function.executeUserEntryPoint [as runMain]',
      line: 74,
      method: 'executeUserEntryPoint [as runMain]',
      native: false
    },
    {
      column: 47,
      file: 'internal/main/run_main_module.js',
      function: null,
      line: 18,
      method: null,
      native: false
    }
  ]
}
{
  error: Error: FATAL ERROR: jwtPrivateKey is not defined.
      at module.exports (D:\Projekty\APIs\slad-fotografii\startup\config.js:5:15)
      at Object.<anonymous> (D:\Projekty\APIs\slad-fotografii\index.js:6:28)
      at Module._compile (internal/modules/cjs/loader.js:1156:30)
      at Object.Module._extensions..js (internal/modules/cjs/loader.js:1176:10)
      at Module.load (internal/modules/cjs/loader.js:1000:32)
      at Function.Module._load (internal/modules/cjs/loader.js:899:14)
      at Function.executeUserEntryPoint [as runMain] (internal/modules/run_main.js:74:12)
      at internal/main/run_main_module.js:18:47,
  level: 'error',
  message: 'uncaughtException: FATAL ERROR: jwtPrivateKey is not defined.\n' +
    'Error: FATAL ERROR: jwtPrivateKey is not defined.\n' +
    '    at module.exports (D:\\Projekty\\APIs\\slad-fotografii\\startup\\config.js:5:15)\n' +
    '    at Object.<anonymous> (D:\\Projekty\\APIs\\slad-fotografii\\index.js:6:28)\n' +
    '    at Module._compile (internal/modules/cjs/loader.js:1156:30)\n' +
    '    at Object.Module._extensions..js (internal/modules/cjs/loader.js:1176:10)\n' +
    '    at Module.load (internal/modules/cjs/loader.js:1000:32)\n' +
    '    at Function.Module._load (internal/modules/cjs/loader.js:899:14)\n' +
    '    at Function.executeUserEntryPoint [as runMain] (internal/modules/run_main.js:74:12)\n' +
    '    at internal/main/run_main_module.js:18:47',
  stack: 'Error: FATAL ERROR: jwtPrivateKey is not defined.\n' +
    '    at module.exports (D:\\Projekty\\APIs\\slad-fotografii\\startup\\config.js:5:15)\n' +
    '    at Object.<anonymous> (D:\\Projekty\\APIs\\slad-fotografii\\index.js:6:28)\n' +
    '    at Module._compile (internal/modules/cjs/loader.js:1156:30)\n' +
    '    at Object.Module._extensions..js (internal/modules/cjs/loader.js:1176:10)\n' +
    '    at Module.load (internal/modules/cjs/loader.js:1000:32)\n' +
    '    at Function.Module._load (internal/modules/cjs/loader.js:899:14)\n' +
    '    at Function.executeUserEntryPoint [as runMain] (internal/modules/run_main.js:74:12)\n' +
    '    at internal/main/run_main_module.js:18:47',
  exception: true,
  date: 'Fri Jun 26 2020 22:33:30 GMT+0200 (GMT+02:00)',
  process: {
    pid: 6912,
    uid: null,
    gid: null,
    cwd: 'D:\\Projekty\\APIs\\slad-fotografii',
    execPath: 'C:\\Program Files\\nodejs\\node.exe',
    version: 'v12.16.2',
    argv: [
      'C:\\Program Files\\nodejs\\node.exe',
      'D:\\Projekty\\APIs\\slad-fotografii\\index.js'
    ],
    memoryUsage: {
      rss: 34439168,
      heapTotal: 16494592,
      heapUsed: 8552488,
      external: 1370609
    }
  },
  os: { loadavg: [ 0, 0, 0 ], uptime: 556051 },
  trace: [
    {
      column: 15,
      file: 'D:\\Projekty\\APIs\\slad-fotografii\\startup\\config.js',
      function: 'module.exports',
      line: 5,
      method: 'exports',
      native: false
    },
    {
      column: 28,
      file: 'D:\\Projekty\\APIs\\slad-fotografii\\index.js',
      function: null,
      line: 6,
      method: null,
      native: false
    },
    {
      column: 30,
      file: 'internal/modules/cjs/loader.js',
      function: 'Module._compile',
      line: 1156,
      method: '_compile',
      native: false
    },
    {
      column: 10,
      file: 'internal/modules/cjs/loader.js',
      function: 'Module._extensions..js',
      line: 1176,
      method: '.js',
      native: false
    },
    {
      column: 32,
      file: 'internal/modules/cjs/loader.js',
      function: 'Module.load',
      line: 1000,
      method: 'load',
      native: false
    },
    {
      column: 14,
      file: 'internal/modules/cjs/loader.js',
      function: 'Module._load',
      line: 899,
      method: '_load',
      native: false
    },
    {
      column: 12,
      file: 'internal/modules/run_main.js',
      function: 'Function.executeUserEntryPoint [as runMain]',
      line: 74,
      method: 'executeUserEntryPoint [as runMain]',
      native: false
    },
    {
      column: 47,
      file: 'internal/main/run_main_module.js',
      function: null,
      line: 18,
      method: null,
      native: false
    }
  ]
}
{
  error: Error: FATAL ERROR: jwtPrivateKey is not defined.
      at module.exports (D:\Projekty\APIs\slad-fotografii\startup\config.js:5:15)
      at Object.<anonymous> (D:\Projekty\APIs\slad-fotografii\index.js:6:28)
      at Module._compile (internal/modules/cjs/loader.js:1156:30)
      at Object.Module._extensions..js (internal/modules/cjs/loader.js:1176:10)
      at Module.load (internal/modules/cjs/loader.js:1000:32)
      at Function.Module._load (internal/modules/cjs/loader.js:899:14)
      at Function.executeUserEntryPoint [as runMain] (internal/modules/run_main.js:74:12)
      at internal/main/run_main_module.js:18:47,
  level: 'error',
  message: 'uncaughtException: FATAL ERROR: jwtPrivateKey is not defined.\n' +
    'Error: FATAL ERROR: jwtPrivateKey is not defined.\n' +
    '    at module.exports (D:\\Projekty\\APIs\\slad-fotografii\\startup\\config.js:5:15)\n' +
    '    at Object.<anonymous> (D:\\Projekty\\APIs\\slad-fotografii\\index.js:6:28)\n' +
    '    at Module._compile (internal/modules/cjs/loader.js:1156:30)\n' +
    '    at Object.Module._extensions..js (internal/modules/cjs/loader.js:1176:10)\n' +
    '    at Module.load (internal/modules/cjs/loader.js:1000:32)\n' +
    '    at Function.Module._load (internal/modules/cjs/loader.js:899:14)\n' +
    '    at Function.executeUserEntryPoint [as runMain] (internal/modules/run_main.js:74:12)\n' +
    '    at internal/main/run_main_module.js:18:47',
  stack: 'Error: FATAL ERROR: jwtPrivateKey is not defined.\n' +
    '    at module.exports (D:\\Projekty\\APIs\\slad-fotografii\\startup\\config.js:5:15)\n' +
    '    at Object.<anonymous> (D:\\Projekty\\APIs\\slad-fotografii\\index.js:6:28)\n' +
    '    at Module._compile (internal/modules/cjs/loader.js:1156:30)\n' +
    '    at Object.Module._extensions..js (internal/modules/cjs/loader.js:1176:10)\n' +
    '    at Module.load (internal/modules/cjs/loader.js:1000:32)\n' +
    '    at Function.Module._load (internal/modules/cjs/loader.js:899:14)\n' +
    '    at Function.executeUserEntryPoint [as runMain] (internal/modules/run_main.js:74:12)\n' +
    '    at internal/main/run_main_module.js:18:47',
  exception: true,
  date: 'Fri Jun 26 2020 22:33:33 GMT+0200 (GMT+02:00)',
  process: {
    pid: 17540,
    uid: null,
    gid: null,
    cwd: 'D:\\Projekty\\APIs\\slad-fotografii',
    execPath: 'C:\\Program Files\\nodejs\\node.exe',
    version: 'v12.16.2',
    argv: [
      'C:\\Program Files\\nodejs\\node.exe',
      'D:\\Projekty\\APIs\\slad-fotografii\\index.js'
    ],
    memoryUsage: {
      rss: 34328576,
      heapTotal: 16494592,
      heapUsed: 8592384,
      external: 1370609
    }
  },
  os: { loadavg: [ 0, 0, 0 ], uptime: 556055 },
  trace: [
    {
      column: 15,
      file: 'D:\\Projekty\\APIs\\slad-fotografii\\startup\\config.js',
      function: 'module.exports',
      line: 5,
      method: 'exports',
      native: false
    },
    {
      column: 28,
      file: 'D:\\Projekty\\APIs\\slad-fotografii\\index.js',
      function: null,
      line: 6,
      method: null,
      native: false
    },
    {
      column: 30,
      file: 'internal/modules/cjs/loader.js',
      function: 'Module._compile',
      line: 1156,
      method: '_compile',
      native: false
    },
    {
      column: 10,
      file: 'internal/modules/cjs/loader.js',
      function: 'Module._extensions..js',
      line: 1176,
      method: '.js',
      native: false
    },
    {
      column: 32,
      file: 'internal/modules/cjs/loader.js',
      function: 'Module.load',
      line: 1000,
      method: 'load',
      native: false
    },
    {
      column: 14,
      file: 'internal/modules/cjs/loader.js',
      function: 'Module._load',
      line: 899,
      method: '_load',
      native: false
    },
    {
      column: 12,
      file: 'internal/modules/run_main.js',
      function: 'Function.executeUserEntryPoint [as runMain]',
      line: 74,
      method: 'executeUserEntryPoint [as runMain]',
      native: false
    },
    {
      column: 47,
      file: 'internal/main/run_main_module.js',
      function: null,
      line: 18,
      method: null,
      native: false
    }
  ]
}
{
  error: Error: fail
      at Object.<anonymous> (D:\Projekty\APIs\slad-fotografii\index.js:4:16)
      at Module._compile (internal/modules/cjs/loader.js:1156:30)
      at Object.Module._extensions..js (internal/modules/cjs/loader.js:1176:10)
      at Module.load (internal/modules/cjs/loader.js:1000:32)
      at Function.Module._load (internal/modules/cjs/loader.js:899:14)
      at Function.executeUserEntryPoint [as runMain] (internal/modules/run_main.js:74:12)
      at internal/main/run_main_module.js:18:47,
  level: 'error',
  message: 'uncaughtException: fail\n' +
    'Error: fail\n' +
    '    at Object.<anonymous> (D:\\Projekty\\APIs\\slad-fotografii\\index.js:4:16)\n' +
    '    at Module._compile (internal/modules/cjs/loader.js:1156:30)\n' +
    '    at Object.Module._extensions..js (internal/modules/cjs/loader.js:1176:10)\n' +
    '    at Module.load (internal/modules/cjs/loader.js:1000:32)\n' +
    '    at Function.Module._load (internal/modules/cjs/loader.js:899:14)\n' +
    '    at Function.executeUserEntryPoint [as runMain] (internal/modules/run_main.js:74:12)\n' +
    '    at internal/main/run_main_module.js:18:47',
  stack: 'Error: fail\n' +
    '    at Object.<anonymous> (D:\\Projekty\\APIs\\slad-fotografii\\index.js:4:16)\n' +
    '    at Module._compile (internal/modules/cjs/loader.js:1156:30)\n' +
    '    at Object.Module._extensions..js (internal/modules/cjs/loader.js:1176:10)\n' +
    '    at Module.load (internal/modules/cjs/loader.js:1000:32)\n' +
    '    at Function.Module._load (internal/modules/cjs/loader.js:899:14)\n' +
    '    at Function.executeUserEntryPoint [as runMain] (internal/modules/run_main.js:74:12)\n' +
    '    at internal/main/run_main_module.js:18:47',
  exception: true,
  date: 'Fri Jun 26 2020 22:36:40 GMT+0200 (GMT+02:00)',
  process: {
    pid: 15536,
    uid: null,
    gid: null,
    cwd: 'D:\\Projekty\\APIs\\slad-fotografii',
    execPath: 'C:\\Program Files\\nodejs\\node.exe',
    version: 'v12.16.2',
    argv: [
      'C:\\Program Files\\nodejs\\node.exe',
      'D:\\Projekty\\APIs\\slad-fotografii\\index.js'
    ],
    memoryUsage: {
      rss: 72036352,
      heapTotal: 38637568,
      heapUsed: 27757496,
      external: 20562926
    }
  },
  os: { loadavg: [ 0, 0, 0 ], uptime: 556241 },
  trace: [
    {
      column: 16,
      file: 'D:\\Projekty\\APIs\\slad-fotografii\\index.js',
      function: null,
      line: 4,
      method: null,
      native: false
    },
    {
      column: 30,
      file: 'internal/modules/cjs/loader.js',
      function: 'Module._compile',
      line: 1156,
      method: '_compile',
      native: false
    },
    {
      column: 10,
      file: 'internal/modules/cjs/loader.js',
      function: 'Module._extensions..js',
      line: 1176,
      method: '.js',
      native: false
    },
    {
      column: 32,
      file: 'internal/modules/cjs/loader.js',
      function: 'Module.load',
      line: 1000,
      method: 'load',
      native: false
    },
    {
      column: 14,
      file: 'internal/modules/cjs/loader.js',
      function: 'Module._load',
      line: 899,
      method: '_load',
      native: false
    },
    {
      column: 12,
      file: 'internal/modules/run_main.js',
      function: 'Function.executeUserEntryPoint [as runMain]',
      line: 74,
      method: 'executeUserEntryPoint [as runMain]',
      native: false
    },
    {
      column: 47,
      file: 'internal/main/run_main_module.js',
      function: null,
      line: 18,
      method: null,
      native: false
    }
  ]
}
